<?xml version="1.0" encoding="UTF-8"?>
<!-- Generated by org.testng.reporters.JUnitXMLReporter -->
<testsuite hostname="DESKTOP-FI0PBCA" name="Default test" tests="4" failures="0" timestamp="3 Feb 2023 14:21:16 GMT" time="34.185" errors="0">
  <testcase name="tc1" time="2.376" classname="org.appium.Caltestng"/>
  <testcase name="tc2" time="0.869" classname="org.appium.Caltestng"/>
  <testcase name="tc3" time="0.867" classname="org.appium.Caltestng"/>
  <testcase name="tc4" time="2.286" classname="org.appium.Caltestng"/>
</testsuite> <!-- Default test -->
