<?xml version="1.0" encoding="UTF-8"?>
<testng-results skipped="0" failed="0" total="4" passed="4">
  <reporter-output>
  </reporter-output>
  <suite name="Default suite" duration-ms="34185" started-at="2023-02-03T14:20:42Z" finished-at="2023-02-03T14:21:16Z">
    <groups>
    </groups>
    <test name="Default test" duration-ms="34185" started-at="2023-02-03T14:20:42Z" finished-at="2023-02-03T14:21:16Z">
      <class name="org.appium.Caltestng">
        <test-method status="PASS" signature="launchbrowser()[pri:0, instance:org.appium.Caltestng@4e04a765]" name="launchbrowser" is-config="true" duration-ms="25259" started-at="2023-02-03T19:50:42Z" finished-at="2023-02-03T19:51:07Z">
          <reporter-output>
          </reporter-output>
        </test-method> <!-- launchbrowser -->
        <test-method status="PASS" signature="startdatetime()[pri:0, instance:org.appium.Caltestng@4e04a765]" name="startdatetime" is-config="true" duration-ms="44" started-at="2023-02-03T19:51:07Z" finished-at="2023-02-03T19:51:07Z">
          <reporter-output>
          </reporter-output>
        </test-method> <!-- startdatetime -->
        <test-method status="PASS" signature="tc1()[pri:1, instance:org.appium.Caltestng@4e04a765]" name="tc1" duration-ms="2376" started-at="2023-02-03T19:51:07Z" finished-at="2023-02-03T19:51:09Z">
          <reporter-output>
          </reporter-output>
        </test-method> <!-- tc1 -->
        <test-method status="PASS" signature="enddatetime()[pri:0, instance:org.appium.Caltestng@4e04a765]" name="enddatetime" is-config="true" duration-ms="1" started-at="2023-02-03T19:51:09Z" finished-at="2023-02-03T19:51:09Z">
          <reporter-output>
          </reporter-output>
        </test-method> <!-- enddatetime -->
        <test-method status="PASS" signature="startdatetime()[pri:0, instance:org.appium.Caltestng@4e04a765]" name="startdatetime" is-config="true" duration-ms="1" started-at="2023-02-03T19:51:09Z" finished-at="2023-02-03T19:51:09Z">
          <reporter-output>
          </reporter-output>
        </test-method> <!-- startdatetime -->
        <test-method status="PASS" signature="tc2()[pri:2, instance:org.appium.Caltestng@4e04a765]" name="tc2" duration-ms="869" started-at="2023-02-03T19:51:09Z" finished-at="2023-02-03T19:51:10Z">
          <reporter-output>
          </reporter-output>
        </test-method> <!-- tc2 -->
        <test-method status="PASS" signature="enddatetime()[pri:0, instance:org.appium.Caltestng@4e04a765]" name="enddatetime" is-config="true" duration-ms="1" started-at="2023-02-03T19:51:10Z" finished-at="2023-02-03T19:51:10Z">
          <reporter-output>
          </reporter-output>
        </test-method> <!-- enddatetime -->
        <test-method status="PASS" signature="startdatetime()[pri:0, instance:org.appium.Caltestng@4e04a765]" name="startdatetime" is-config="true" duration-ms="1" started-at="2023-02-03T19:51:10Z" finished-at="2023-02-03T19:51:10Z">
          <reporter-output>
          </reporter-output>
        </test-method> <!-- startdatetime -->
        <test-method status="PASS" signature="tc3()[pri:3, instance:org.appium.Caltestng@4e04a765]" name="tc3" duration-ms="867" started-at="2023-02-03T19:51:10Z" finished-at="2023-02-03T19:51:11Z">
          <reporter-output>
          </reporter-output>
        </test-method> <!-- tc3 -->
        <test-method status="PASS" signature="enddatetime()[pri:0, instance:org.appium.Caltestng@4e04a765]" name="enddatetime" is-config="true" duration-ms="2" started-at="2023-02-03T19:51:11Z" finished-at="2023-02-03T19:51:11Z">
          <reporter-output>
          </reporter-output>
        </test-method> <!-- enddatetime -->
        <test-method status="PASS" signature="tc4()[pri:4, instance:org.appium.Caltestng@4e04a765]" name="tc4" duration-ms="2286" started-at="2023-02-03T19:51:11Z" finished-at="2023-02-03T19:51:13Z">
          <reporter-output>
          </reporter-output>
        </test-method> <!-- tc4 -->
        <test-method status="PASS" signature="startdatetime()[pri:0, instance:org.appium.Caltestng@4e04a765]" name="startdatetime" is-config="true" duration-ms="0" started-at="2023-02-03T19:51:11Z" finished-at="2023-02-03T19:51:11Z">
          <reporter-output>
          </reporter-output>
        </test-method> <!-- startdatetime -->
        <test-method status="PASS" signature="enddatetime()[pri:0, instance:org.appium.Caltestng@4e04a765]" name="enddatetime" is-config="true" duration-ms="1" started-at="2023-02-03T19:51:13Z" finished-at="2023-02-03T19:51:13Z">
          <reporter-output>
          </reporter-output>
        </test-method> <!-- enddatetime -->
        <test-method status="PASS" signature="closebrowser()[pri:0, instance:org.appium.Caltestng@4e04a765]" name="closebrowser" is-config="true" duration-ms="2431" started-at="2023-02-03T19:51:13Z" finished-at="2023-02-03T19:51:16Z">
          <reporter-output>
          </reporter-output>
        </test-method> <!-- closebrowser -->
      </class> <!-- org.appium.Caltestng -->
    </test> <!-- Default test -->
  </suite> <!-- Default suite -->
</testng-results>
